2011-04-06 12:57:39 Debug: Notice (1024): Please change the value of 'Security.salt' in app/config/core.php to a salt value specific to your application in [E:\Project\doucl\local\cake\libs\debugger.php, line 684]
2011-04-06 12:57:39 Debug: Notice (1024): Please change the value of 'Security.cipherSeed' in app/config/core.php to a numeric (digits only) seed value specific to your application in [E:\Project\doucl\local\cake\libs\debugger.php, line 688]
2011-04-06 13:17:46 Debug: Notice (8): Undefined property: View::$html in [E:\Project\doucl\local\ufo\views\iframes\main.ctp, line 97]
2011-04-06 13:18:11 Debug: Notice (8): Undefined property: View::$html in [E:\Project\doucl\local\ufo\views\iframes\main.ctp, line 97]
2011-04-10 02:42:45 Debug: Notice (8): Undefined variable: paginator in [E:\Project\doucl\local\ufo\views\sorts\index.ctp, line 27]
2011-04-10 02:42:58 Debug: Notice (8): Undefined variable: paginator in [E:\Project\doucl\local\ufo\views\sorts\index.ctp, line 27]
2011-04-10 02:44:48 Debug: Notice (8): Undefined variable: paginator in [E:\Project\doucl\local\ufo\views\sorts\index.ctp, line 27]
2011-04-10 02:44:49 Debug: Notice (8): Undefined variable: paginator in [E:\Project\doucl\local\ufo\views\sorts\index.ctp, line 27]
2011-04-10 02:45:25 Debug: Notice (8): Undefined variable: paginator in [E:\Project\doucl\local\ufo\views\sorts\index.ctp, line 27]
2011-04-10 02:46:01 Debug: Notice (8): Undefined variable: paginator in [E:\Project\doucl\local\ufo\views\sorts\index.ctp, line 27]
2011-04-10 02:46:46 Debug: Notice (8): Undefined variable: paginator in [E:\Project\doucl\local\ufo\views\sorts\index.ctp, line 27]
2011-04-10 02:46:50 Debug: Notice (8): Undefined variable: paginator in [E:\Project\doucl\local\ufo\views\sorts\index.ctp, line 27]
2011-04-10 02:47:43 Debug: Notice (8): Undefined variable: paginator in [E:\Project\doucl\local\ufo\views\sorts\index.ctp, line 27]
2011-04-10 03:04:33 Debug: Notice (8): Undefined variable: paginator in [E:\Project\doucl\local\ufo\views\categorys\index.ctp, line 27]
2011-04-10 03:04:34 Debug: Notice (8): Undefined variable: paginator in [E:\Project\doucl\local\ufo\views\categorys\index.ctp, line 27]
2011-04-10 03:05:12 Debug: Notice (8): Undefined variable: paginator in [E:\Project\doucl\local\ufo\views\categorys\index.ctp, line 27]
2011-04-10 03:05:14 Debug: Notice (8): Undefined variable: paginator in [E:\Project\doucl\local\ufo\views\categorys\index.ctp, line 27]
2011-04-10 03:16:06 Debug: Notice (8): Undefined variable: paginator in [E:\Project\doucl\local\ufo\views\categorys\index.ctp, line 27]
2011-04-10 03:18:50 Debug: Notice (8): Undefined variable: paginator in [E:\Project\doucl\local\ufo\views\categorys\index.ctp, line 27]
2011-04-10 03:19:47 Debug: Notice (8): Undefined variable: paginator in [E:\Project\doucl\local\ufo\views\categorys\index.ctp, line 27]
2011-04-10 03:20:14 Debug: Notice (8): Undefined variable: paginator in [E:\Project\doucl\local\ufo\views\categorys\index.ctp, line 28]
2011-04-10 03:23:21 Debug: Notice (8): Undefined variable: paginator in [E:\Project\doucl\local\ufo\views\categorys\index.ctp, line 27]
2011-04-10 03:23:41 Debug: Notice (8): Undefined variable: arrSorts in [E:\Project\doucl\local\ufo\views\categorys\index.ctp, line 33]
2011-04-10 03:23:41 Debug: Notice (8): Undefined variable: paginator in [E:\Project\doucl\local\ufo\views\categorys\index.ctp, line 52]
2011-04-10 03:23:56 Debug: Notice (8): Undefined variable: paginator in [E:\Project\doucl\local\ufo\views\categorys\index.ctp, line 38]
2011-04-10 03:24:22 Debug: Notice (8): Undefined variable: paginator in [E:\Project\doucl\local\ufo\views\categorys\index.ctp, line 27]
2011-04-10 03:24:32 Debug: Notice (8): Undefined variable: paginator in [E:\Project\doucl\local\ufo\views\categorys\index.ctp, line 27]
2011-04-10 03:25:39 Debug: Notice (8): Undefined variable: paginator in [E:\Project\doucl\local\ufo\views\categorys\index.ctp, line 27]
2011-04-10 03:25:40 Debug: Notice (8): Undefined variable: paginator in [E:\Project\doucl\local\ufo\views\categorys\index.ctp, line 27]
2011-04-10 03:27:26 Debug: Notice (8): Undefined variable: arrSorts in [E:\Project\doucl\local\ufo\views\categorys\index.ctp, line 33]
2011-04-10 03:46:49 Debug: Notice (8): Undefined property: CategorysController::$Html in [E:\Project\doucl\local\ufo\controllers\categorys_controller.php, line 20]
2011-04-10 13:14:28 Debug: Notice (8): Undefined variable: arrArticle in [E:\Project\doucl\local\ufo\controllers\articles_controller.php, line 11]
2011-04-10 13:14:28 Debug: Notice (8): Undefined variable: arrArticles in [E:\Project\doucl\local\ufo\views\articles\index.ctp, line 33]
2011-04-10 13:14:58 Debug: Notice (8): Undefined variable: arrArticles in [E:\Project\doucl\local\ufo\views\articles\index.ctp, line 33]
2011-04-10 13:14:59 Debug: Notice (8): Undefined variable: arrArticles in [E:\Project\doucl\local\ufo\views\articles\index.ctp, line 33]
2011-04-10 14:20:18 Debug: Notice (8): Array to string conversion in [E:\Project\doucl\local\cake\libs\model\datasources\dbo_source.php, line 749]
2011-04-11 12:46:21 Debug: Notice (8): Array to string conversion in [E:\Project\doucl\local\cake\libs\model\datasources\dbo_source.php, line 749]
2011-04-11 12:46:44 Debug: Notice (8): Array to string conversion in [E:\Project\doucl\local\cake\libs\model\datasources\dbo_source.php, line 749]
2011-04-11 12:47:21 Debug: Notice (8): Array to string conversion in [E:\Project\doucl\local\cake\libs\model\datasources\dbo_source.php, line 749]
2011-04-12 07:14:41 Debug: Notice (8): Undefined property: View::$Js in [E:\Project\doucl\local\ufo\views\articles\edit.ctp, line 32]
2011-04-12 07:20:29 Debug: Notice (8): Undefined property: View::$Javascript in [E:\Project\doucl\local\ufo\views\articles\edit.ctp, line 30]
2011-04-13 07:45:52 Debug: Notice (8): Undefined variable: arrList in [E:\Project\doucl\local\ufo\controllers\videos_controller.php, line 12]
2011-04-13 07:46:16 Debug: Notice (8): Undefined variable: arrList in [E:\Project\doucl\local\ufo\controllers\videos_controller.php, line 12]
2011-04-13 07:46:16 Debug: Notice (8): Undefined variable: arrArticles in [E:\Project\doucl\local\ufo\views\videos\index.ctp, line 33]
2011-04-13 07:48:54 Debug: Notice (8): Undefined variable: arrList in [E:\Project\doucl\local\ufo\controllers\videos_controller.php, line 12]
2011-04-13 07:50:16 Debug: Notice (8): Undefined variable: arrList in [E:\Project\doucl\local\ufo\controllers\videos_controller.php, line 12]
2011-04-13 07:50:37 Debug: Notice (8): Undefined variable: arrList in [E:\Project\doucl\local\ufo\controllers\videos_controller.php, line 12]
2011-04-13 07:50:37 Debug: Notice (8): Undefined variable: arrArticles in [E:\Project\doucl\local\ufo\views\videos\index.ctp, line 33]
2011-04-13 07:50:53 Debug: Notice (8): Undefined variable: arrList in [E:\Project\doucl\local\ufo\controllers\videos_controller.php, line 12]
2011-04-13 07:50:53 Debug: Notice (8): Undefined variable: arrArticles in [E:\Project\doucl\local\ufo\views\videos\index.ctp, line 33]
2011-04-13 07:52:43 Debug: Notice (8): Undefined variable: arrList in [E:\Project\doucl\local\ufo\controllers\videos_controller.php, line 12]
2011-04-14 14:31:07 Debug: Notice (8): Undefined index: Section in [E:\Project\doucl\local\ufo\views\videos\index.ctp, line 37]
2011-04-14 14:31:07 Debug: Notice (8): Undefined index: Section in [E:\Project\doucl\local\ufo\views\videos\index.ctp, line 38]
2011-04-14 14:31:07 Debug: Notice (8): Undefined index: Section in [E:\Project\doucl\local\ufo\views\videos\index.ctp, line 40]
2011-04-14 14:31:07 Debug: Notice (8): Undefined index: Section in [E:\Project\doucl\local\ufo\views\videos\index.ctp, line 41]
2011-04-14 14:31:07 Debug: Notice (8): Undefined index: Section in [E:\Project\doucl\local\ufo\views\videos\index.ctp, line 42]
2011-04-14 14:31:32 Debug: Notice (8): Undefined index: Section in [E:\Project\doucl\local\ufo\views\videos\index.ctp, line 37]
2011-04-14 14:31:32 Debug: Notice (8): Undefined index: Section in [E:\Project\doucl\local\ufo\views\videos\index.ctp, line 38]
2011-04-14 14:31:32 Debug: Notice (8): Undefined index: Section in [E:\Project\doucl\local\ufo\views\videos\index.ctp, line 40]
2011-04-14 14:31:32 Debug: Notice (8): Undefined index: Section in [E:\Project\doucl\local\ufo\views\videos\index.ctp, line 41]
2011-04-14 14:31:32 Debug: Notice (8): Undefined index: Section in [E:\Project\doucl\local\ufo\views\videos\index.ctp, line 42]
2011-04-15 12:46:34 Debug: Notice (8): Undefined variable: arrTags in [E:\Project\doucl\local\ufo\views\sections\index.ctp, line 33]
2011-04-15 13:39:49 Debug: Notice (8): Undefined variable: section in [E:\Project\doucl\local\ufo\views\articles\edit.ctp, line 25]
2011-04-15 14:09:16 Debug: Notice (8): Undefined variable: sections in [E:\Project\doucl\local\ufo\views\videos\edit.ctp, line 27]
2011-04-15 14:10:03 Debug: Notice (8): Undefined variable: categorys in [E:\Project\doucl\local\ufo\controllers\videos_controller.php, line 30]
2011-04-15 14:10:03 Debug: Notice (8): Undefined variable: sections in [E:\Project\doucl\local\ufo\views\videos\edit.ctp, line 27]
2011-04-17 10:00:08 Debug: Notice (8): Undefined property: TagsController::$Data in [E:\Project\doucl\local\ufo\controllers\tags_controller.php, line 26]
2011-04-17 10:00:08 Debug: Notice (8): Undefined property: TagsController::$Data in [E:\Project\doucl\local\ufo\controllers\tags_controller.php, line 28]
2011-04-17 10:29:02 Debug: Notice (8): Undefined property: ArticlesController::$Tag in [E:\Project\doucl\local\ufo\controllers\articles_controller.php, line 37]
2011-04-17 11:51:15 Debug: Notice (8): Undefined property: Tag::$Tag in [E:\Project\doucl\local\ufo\models\tag.php, line 32]
2011-04-17 11:52:26 Debug: Notice (8): Undefined property: Tag::$Tag in [E:\Project\doucl\local\ufo\models\tag.php, line 32]
2011-04-17 11:52:33 Debug: Notice (8): Undefined variable: Tag in [E:\Project\doucl\local\ufo\models\tag.php, line 32]
2011-04-17 11:52:42 Debug: Notice (8): Undefined property: Tag::$Tag in [E:\Project\doucl\local\ufo\models\tag.php, line 32]
2011-04-17 12:08:27 Debug: Notice (8): Undefined property: Tag::$Tag in [E:\Project\doucl\local\ufo\models\tag.php, line 32]
2011-04-17 12:10:35 Debug: Notice (8): Undefined property: Tag::$Tag in [E:\Project\doucl\local\ufo\models\tag.php, line 36]
2011-04-17 12:23:45 Debug: Notice (8): Undefined index: strTag in [E:\Project\doucl\local\ufo\controllers\articles_controller.php, line 26]
2011-04-17 12:24:26 Debug: Notice (8): Undefined variable: strTag in [E:\Project\doucl\local\ufo\controllers\articles_controller.php, line 26]
2011-04-17 12:27:07 Debug: Notice (8): Undefined index: strTags in [E:\Project\doucl\local\ufo\controllers\articles_controller.php, line 27]
2011-04-17 12:37:21 Debug: Notice (8): Undefined index: Tag in [E:\Project\doucl\local\ufo\controllers\articles_controller.php, line 27]
2011-04-17 12:42:45 Debug: Notice (8): Undefined index: strTags in [E:\Project\doucl\local\ufo\controllers\articles_controller.php, line 26]
2011-04-17 12:42:45 Debug: Notice (8): Undefined index: strTags in [E:\Project\doucl\local\ufo\controllers\articles_controller.php, line 26]
2011-04-17 12:43:43 Debug: Notice (8): Undefined index: strTags in [E:\Project\doucl\local\ufo\controllers\articles_controller.php, line 27]
2011-04-17 13:37:04 Debug: Notice (8): Undefined variable: tags in [E:\Project\doucl\local\ufo\views\videos\edit.ctp, line 33]
2011-04-17 13:37:45 Debug: Notice (8): Undefined variable: tags in [E:\Project\doucl\local\ufo\views\videos\edit.ctp, line 33]
2011-04-17 13:38:07 Debug: Notice (8): Undefined variable: tags in [E:\Project\doucl\local\ufo\views\videos\edit.ctp, line 34]
2011-04-17 13:38:24 Debug: Notice (8): Undefined variable: tags in [E:\Project\doucl\local\ufo\views\videos\edit.ctp, line 34]
2011-04-17 13:39:05 Debug: Notice (8): Undefined variable: tags in [E:\Project\doucl\local\ufo\views\videos\edit.ctp, line 34]
2011-04-17 13:56:33 Debug: Notice (8): Undefined property: VideosController::$Tag in [E:\Project\doucl\local\ufo\controllers\videos_controller.php, line 44]
2011-04-21 22:51:05 Debug: Notice (8): Undefined index: tags in [E:\Project\doucl\local\ufo\views\tags\index.ctp, line 40]
2011-04-23 02:33:42 Debug: Notice (8): Undefined index: group_name in [E:\Project\doucl\local\ufo\views\users\index.ctp, line 42]
2011-04-23 02:34:09 Debug: Notice (8): Undefined index: group_name in [E:\Project\doucl\local\ufo\views\users\index.ctp, line 42]
2011-04-25 05:48:44 Debug: Notice (8): Undefined property: View::$Javascript in [E:\Project\doucl\local\ufo\views\index\index.ctp, line 4]
2011-04-25 12:39:10 Debug: Notice (8): Undefined variable: data in [E:\Project\doucl\local\ufo\controllers\sinas_controller.php, line 29]
2011-04-26 01:40:47 Debug: Notice (8): Undefined variable: sina in [E:\Project\doucl\local\ufo\controllers\articles_controller.php, line 14]
2011-04-26 01:41:20 Debug: Notice (8): Undefined variable: sina in [E:\Project\doucl\local\ufo\controllers\articles_controller.php, line 14]
2011-04-26 01:42:01 Debug: Notice (8): Undefined variable: sina in [E:\Project\doucl\local\ufo\controllers\articles_controller.php, line 14]
2011-04-26 01:44:51 Debug: Notice (8): Undefined variable: Faker in [E:\Project\doucl\local\ufo\views\articles\index.ctp, line 11]
2011-04-26 01:45:09 Debug: Notice (8): Undefined index: sina in [E:\Project\doucl\local\ufo\views\articles\index.ctp, line 11]
2011-04-26 06:47:45 Debug: Notice (8): Use of undefined constant WB_AKEY - assumed 'WB_AKEY' in [E:\Project\doucl\local\ufo\controllers\weibos_controller.php, line 10]
2011-04-26 06:47:45 Debug: Notice (8): Use of undefined constant WB_SKEY - assumed 'WB_SKEY' in [E:\Project\doucl\local\ufo\controllers\weibos_controller.php, line 10]
2011-04-27 13:14:40 Debug: Notice (8): Undefined variable: Faker in [E:\Project\doucl\local\ufo\views\weibos\publish.ctp, line 8]
2011-05-01 12:39:20 Debug: Notice (8): Undefined property: MembersController::$MemberTag in [E:\Project\doucl\local\ufo\controllers\members_controller.php, line 30]
2011-05-03 13:08:34 Debug: Notice (8): Undefined property: HelpTypesController::$Helptype in [E:\Project\doucl\local\ufo\controllers\help_types_controller.php, line 25]
2011-05-03 13:09:26 Debug: Notice (8): Undefined property: HelpTypesController::$Helptype in [E:\Project\doucl\local\ufo\controllers\help_types_controller.php, line 21]
2011-05-03 13:19:55 Debug: Notice (8): Undefined variable: sections in [E:\Project\doucl\local\ufo\views\helps\edit.ctp, line 26]
2011-05-03 13:19:55 Debug: Notice (8): Undefined variable: categorys in [E:\Project\doucl\local\ufo\views\helps\edit.ctp, line 28]
2011-05-03 13:19:55 Debug: Notice (8): Undefined variable: tags in [E:\Project\doucl\local\ufo\views\helps\edit.ctp, line 31]
2011-05-03 13:37:51 Debug: Notice (8): Undefined property: HelpsController::$Article in [E:\Project\doucl\local\ufo\controllers\helps_controller.php, line 38]
