2011-04-10 03:23:41 Warning: Warning (2): Invalid argument supplied for foreach() in [E:\Project\doucl\local\ufo\views\categorys\index.ctp, line 33]
2011-04-10 03:27:26 Warning: Warning (2): Invalid argument supplied for foreach() in [E:\Project\doucl\local\ufo\views\categorys\index.ctp, line 33]
2011-04-10 03:48:37 Warning: Warning (512): <span style="color:Red;text-align:left"><b>SQL Error:</b> 1054: Unknown column 'ArticlesCategory.category_id' in 'on clause'</span> in [E:\Project\doucl\local\cake\libs\model\datasources\dbo_source.php, line 684]
2011-04-10 13:14:28 Warning: Warning (2): Invalid argument supplied for foreach() in [E:\Project\doucl\local\ufo\views\articles\index.ctp, line 33]
2011-04-10 13:14:58 Warning: Warning (2): Invalid argument supplied for foreach() in [E:\Project\doucl\local\ufo\views\articles\index.ctp, line 33]
2011-04-10 13:14:59 Warning: Warning (2): Invalid argument supplied for foreach() in [E:\Project\doucl\local\ufo\views\articles\index.ctp, line 33]
2011-04-10 14:20:18 Warning: Warning (512): <span style="color:Red;text-align:left"><b>SQL Error:</b> 1054: Unknown column 'Array' in 'field list'</span> in [E:\Project\doucl\local\cake\libs\model\datasources\dbo_source.php, line 684]
2011-04-11 12:46:21 Warning: Warning (512): <span style="color:Red;text-align:left"><b>SQL Error:</b> 1054: Unknown column 'Array' in 'field list'</span> in [E:\Project\doucl\local\cake\libs\model\datasources\dbo_source.php, line 684]
2011-04-11 12:46:44 Warning: Warning (512): <span style="color:Red;text-align:left"><b>SQL Error:</b> 1054: Unknown column 'Array' in 'field list'</span> in [E:\Project\doucl\local\cake\libs\model\datasources\dbo_source.php, line 684]
2011-04-11 12:47:21 Warning: Warning (512): <span style="color:Red;text-align:left"><b>SQL Error:</b> 1054: Unknown column 'Array' in 'field list'</span> in [E:\Project\doucl\local\cake\libs\model\datasources\dbo_source.php, line 684]
2011-04-13 07:46:16 Warning: Warning (2): Invalid argument supplied for foreach() in [E:\Project\doucl\local\ufo\views\videos\index.ctp, line 33]
2011-04-13 07:48:54 Warning: Warning (2): Invalid argument supplied for foreach() in [E:\Project\doucl\local\ufo\views\videos\index.ctp, line 33]
2011-04-13 07:50:16 Warning: Warning (2): Invalid argument supplied for foreach() in [E:\Project\doucl\local\ufo\views\videos\index.ctp, line 33]
2011-04-13 07:50:37 Warning: Warning (2): Invalid argument supplied for foreach() in [E:\Project\doucl\local\ufo\views\videos\index.ctp, line 33]
2011-04-13 07:50:53 Warning: Warning (2): Invalid argument supplied for foreach() in [E:\Project\doucl\local\ufo\views\videos\index.ctp, line 33]
2011-04-13 07:52:43 Warning: Warning (2): Invalid argument supplied for foreach() in [E:\Project\doucl\local\ufo\views\videos\index.ctp, line 33]
2011-04-14 14:31:07 Warning: Warning (512): <span style="color:Red;text-align:left"><b>SQL Error:</b> 1054: Unknown column 'VideosTag.videos_id' in 'on clause'</span> in [E:\Project\doucl\local\cake\libs\model\datasources\dbo_source.php, line 684]
2011-04-14 14:31:07 Warning: Warning (512): <span style="color:Red;text-align:left"><b>SQL Error:</b> 1054: Unknown column 'VideosCategory.videos_id' in 'on clause'</span> in [E:\Project\doucl\local\cake\libs\model\datasources\dbo_source.php, line 684]
2011-04-14 14:31:32 Warning: Warning (512): <span style="color:Red;text-align:left"><b>SQL Error:</b> 1054: Unknown column 'VideosTag.videos_id' in 'on clause'</span> in [E:\Project\doucl\local\cake\libs\model\datasources\dbo_source.php, line 684]
2011-04-14 14:31:32 Warning: Warning (512): <span style="color:Red;text-align:left"><b>SQL Error:</b> 1054: Unknown column 'VideosCategory.videos_id' in 'on clause'</span> in [E:\Project\doucl\local\cake\libs\model\datasources\dbo_source.php, line 684]
2011-04-14 14:31:56 Warning: Warning (512): <span style="color:Red;text-align:left"><b>SQL Error:</b> 1054: Unknown column 'VideosTag.videos_id' in 'on clause'</span> in [E:\Project\doucl\local\cake\libs\model\datasources\dbo_source.php, line 684]
2011-04-14 14:31:56 Warning: Warning (512): <span style="color:Red;text-align:left"><b>SQL Error:</b> 1054: Unknown column 'VideosCategory.videos_id' in 'on clause'</span> in [E:\Project\doucl\local\cake\libs\model\datasources\dbo_source.php, line 684]
2011-04-14 14:31:59 Warning: Warning (512): <span style="color:Red;text-align:left"><b>SQL Error:</b> 1054: Unknown column 'VideosTag.videos_id' in 'on clause'</span> in [E:\Project\doucl\local\cake\libs\model\datasources\dbo_source.php, line 684]
2011-04-14 14:31:59 Warning: Warning (512): <span style="color:Red;text-align:left"><b>SQL Error:</b> 1054: Unknown column 'VideosCategory.videos_id' in 'on clause'</span> in [E:\Project\doucl\local\cake\libs\model\datasources\dbo_source.php, line 684]
2011-04-15 12:46:34 Warning: Warning (2): Invalid argument supplied for foreach() in [E:\Project\doucl\local\ufo\views\sections\index.ctp, line 33]
2011-04-15 13:07:01 Warning: Warning (512): <span style="color:Red;text-align:left"><b>SQL Error:</b> 1064: You have an error in your SQL syntax; check the manual that corresponds to your MySQL server version for the right syntax to use near 'findAll' at line 1</span> in [E:\Project\doucl\local\cake\libs\model\datasources\dbo_source.php, line 684]
2011-04-15 13:18:32 Warning: Warning (512): <span style="color:Red;text-align:left"><b>SQL Error:</b> 1054: Unknown column 'ArticlesTag.section_id' in 'on clause'</span> in [E:\Project\doucl\local\cake\libs\model\datasources\dbo_source.php, line 684]
2011-04-15 13:18:32 Warning: Warning (512): <span style="color:Red;text-align:left"><b>SQL Error:</b> 1054: Unknown column 'VideosTag.section_id' in 'on clause'</span> in [E:\Project\doucl\local\cake\libs\model\datasources\dbo_source.php, line 684]
2011-04-17 12:37:21 Warning: Warning (2): Invalid argument supplied for foreach() in [E:\Project\doucl\local\ufo\controllers\articles_controller.php, line 27]
2011-04-23 02:48:54 Warning: Warning (2): htmlentities() [<a href='http://php.net/function.htmlentities'>function.htmlentities</a>]: charset `è' not supported, assuming iso-8859-1 in [E:\Project\doucl\local\cake\libs\view\helpers\html.php, line 298]
2011-04-23 02:48:56 Warning: Warning (2): htmlentities() [<a href='http://php.net/function.htmlentities'>function.htmlentities</a>]: charset `è' not supported, assuming iso-8859-1 in [E:\Project\doucl\local\cake\libs\view\helpers\html.php, line 298]
2011-04-25 11:55:46 Warning: Warning (512): <span style="color:Red;text-align:left"><b>SQL Error:</b> 1054: Unknown column 'Article.id' in 'order clause'</span> in [E:\Project\doucl\local\cake\libs\model\datasources\dbo_source.php, line 684]
2011-04-25 11:56:06 Warning: Warning (512): <span style="color:Red;text-align:left"><b>SQL Error:</b> 1054: Unknown column 'User.id' in 'order clause'</span> in [E:\Project\doucl\local\cake\libs\model\datasources\dbo_source.php, line 684]
2011-04-25 12:12:40 Warning: Warning (512): <span style="color:Red;text-align:left"><b>SQL Error:</b> 1054: Unknown column 'Article.id' in 'order clause'</span> in [E:\Project\doucl\local\cake\libs\model\datasources\dbo_source.php, line 684]
2011-04-25 12:12:40 Warning: Warning (2): Invalid argument supplied for foreach() in [E:\Project\doucl\local\ufo\views\sinas\index.ctp, line 34]
2011-04-26 07:39:42 Warning: Warning (2): file_get_contents() [<a href='http://php.net/function.file-get-contents'>function.file-get-contents</a>]: Filename cannot be empty in [E:\Project\doucl\local\vendors\weibooauth.php, line 828]
2011-05-01 08:19:54 Warning: Warning (2): file_get_contents(http://i2.sinaimg.cn/lx/beauty/liangli/p/2011/0414/U318P8T1D1063672F914DT20110414105926.jpg) [<a href='http://php.net/function.file-get-contents'>function.file-get-contents</a>]: failed to open stream: HTTP request failed!  in [E:\Project\doucl\local\vendors\weibooauth.php, line 828]
2011-05-01 08:45:01 Warning: Warning (2): file_get_contents(http://i2.sinaimg.cn/lx/beauty/liangli/p/2011/0413/U318P8T1D1063461F914DT20110413113323.jpg) [<a href='http://php.net/function.file-get-contents'>function.file-get-contents</a>]: failed to open stream: HTTP request failed!  in [E:\Project\doucl\local\vendors\weibooauth.php, line 828]
2011-05-01 08:45:14 Warning: Warning (2): file_get_contents(http://i2.sinaimg.cn/lx/beauty/liangli/p/2011/0413/U318P8T1D1063461F914DT20110413113323.jpg) [<a href='http://php.net/function.file-get-contents'>function.file-get-contents</a>]: failed to open stream: HTTP request failed!  in [E:\Project\doucl\local\vendors\weibooauth.php, line 828]
2011-05-01 08:56:52 Warning: Warning (2): file_get_contents(http://i3.sinaimg.cn/lx/zc/2011/0418/U5924P8T1D1063712F916DT20110418101022.jpg) [<a href='http://php.net/function.file-get-contents'>function.file-get-contents</a>]: failed to open stream: HTTP request failed!  in [E:\Project\doucl\local\vendors\weibooauth.php, line 828]
2011-05-01 08:56:58 Warning: Warning (2): file_get_contents(http://i3.sinaimg.cn/lx/zc/2011/0418/U5924P8T1D1063712F916DT20110418101022.jpg) [<a href='http://php.net/function.file-get-contents'>function.file-get-contents</a>]: failed to open stream: HTTP request failed!  in [E:\Project\doucl\local\vendors\weibooauth.php, line 828]
2011-05-02 08:06:55 Warning: Warning (2): file_get_contents(/img/20110418/20110418074450_26630.jpeg) [<a href='http://php.net/function.file-get-contents'>function.file-get-contents</a>]: failed to open stream: No such file or directory in [E:\Project\doucl\local\vendors\weibooauth.php, line 828]
2011-05-02 08:07:01 Warning: Warning (2): file_get_contents(/img/20110418/20110418074450_26630.jpeg) [<a href='http://php.net/function.file-get-contents'>function.file-get-contents</a>]: failed to open stream: No such file or directory in [E:\Project\doucl\local\vendors\weibooauth.php, line 828]
2011-05-02 08:08:13 Warning: Warning (2): file_get_contents(http://g3.ykimg.com/0100641F464DA2C85AA323003CBDF31CB89BC3-CF9D-8EE7-11F3-6EBF64B2D010) [<a href='http://php.net/function.file-get-contents'>function.file-get-contents</a>]: failed to open stream: HTTP request failed!  in [E:\Project\doucl\local\vendors\weibooauth.php, line 828]
